<?xml version="1.0" encoding="UTF-8"?>
<!-- Generated by org.testng.reporters.JUnitXMLReporter -->
<testsuite ignored="0" hostname="TranTrungNghia" failures="0" tests="6" name="TestCase1" time="0.049" errors="0" timestamp="2021-12-06T08:12:26 ICT">
  <testcase classname="Bai3.TestServer" name="deployServer" time="0.007"/>
  <testcase classname="Bai3.TestServer" name="deployBackUpServer" time="0.001"/>
  <testcase classname="Bai3.TestDatabase" name="initDB" time="0.001"/>
  <testcase classname="Bai3.TestDatabase" name="testConnection" time="0.001"/>
  <testcase classname="Bai3.TestApp" name="method1" time="0.001"/>
  <testcase classname="Bai3.TestApp" name="method2" time="0.0"/>
</testsuite> <!-- TestCase1 -->
