<?xml version="1.0" encoding="UTF-8"?>
<!-- Generated by org.testng.reporters.JUnitXMLReporter -->
<testsuite ignored="0" hostname="TranTrungNghia" failures="0" tests="3" name="SaveTestNGResultToExcel" time="14.561" errors="0" timestamp="2021-11-22T20:15:46 ICT">
  <testcase classname="poly.SaveTestNGResultToExcel" name="LaunchWebsite" time="5.421"/>
  <testcase classname="poly.SaveTestNGResultToExcel" name="FillLoginDetails" time="1.161"/>
  <testcase classname="poly.SaveTestNGResultToExcel" name="DoLogin" time="5.565"/>
</testsuite> <!-- SaveTestNGResultToExcel -->
